 
****************************************
Report : timing
        -path full
        -delay max
        -max_paths 1
Design : STI_DAC
Version: T-2022.03
Date   : Wed Jan 18 10:56:35 2023
****************************************

Operating Conditions: slow   Library: slow
Wire Load Model Mode: top

  Startpoint: pi_length[0]
              (input port clocked by clk)
  Endpoint: data_reg[24]
            (rising edge-triggered flip-flop clocked by clk)
  Path Group: clk
  Path Type: max

  Des/Clust/Port     Wire Load Model       Library
  ------------------------------------------------
  STI_DAC            tsmc13_wl10           slow

  Point                                    Incr       Path
  -----------------------------------------------------------
  clock clk (rise edge)                    0.00       0.00
  clock network delay (ideal)              0.50       0.50
  input external delay                     5.00       5.50 r
  pi_length[0] (in)                        0.05       5.55 r
  U326/Y (NAND2BX1)                        0.48       6.03 r
  U347/Y (OA21XL)                          0.40       6.43 r
  U346/Y (OAI32X1)                         0.23       6.66 f
  U345/Y (CLKBUFX3)                        0.52       7.18 f
  U330/Y (AOI31X1)                         0.50       7.67 r
  U275/Y (CLKINVX1)                        0.66       8.33 f
  U344/Y (AOI222XL)                        0.70       9.03 r
  U343/Y (OAI221XL)                        0.37       9.40 f
  data_reg[24]/D (DFFRX1)                  0.00       9.40 f
  data arrival time                                   9.40

  clock clk (rise edge)                   10.00      10.00
  clock network delay (ideal)              0.50      10.50
  clock uncertainty                       -0.10      10.40
  data_reg[24]/CK (DFFRX1)                 0.00      10.40 r
  library setup time                      -0.28      10.12
  data required time                                 10.12
  -----------------------------------------------------------
  data required time                                 10.12
  data arrival time                                  -9.40
  -----------------------------------------------------------
  slack (MET)                                         0.72


1
