xmverilog(64): 22.03-s003: (c) Copyright 1995-2022 Cadence Design Systems, Inc.
TOOL:	xmverilog	22.03-s003: Started on Jan 18, 2023 at 10:58:40 CST
ncverilog
	testfixture2.v
	STI_DAC.v
	-v
	tsmc13_neg.v
	+define+SDF
xmverilog: *W,NCEXDEP: Executable (ncverilog) is deprecated. Use (xmverilog) instead.
file: STI_DAC.v
	module worklib.STI_DAC:v
		errors: 0, warnings: 0
xmvlog: *W,LIBNOU: Library "tsmc13_neg.v" given but not used.
	Total errors/warnings found outside modules and primitives:
		errors: 0, warnings: 1
		Caching library 'worklib' ....... Done
	Elaborating the design hierarchy:
	Reading SDF file from location "./STI_DAC_syn.sdf"
	Annotating SDF timing data:
		Compiled SDF file:     STI_DAC_syn.sdf.X
		Log file:              
		Backannotation scope:  testfixture2.u_rtl
		Configuration file:    
		MTM control:           
		Scale factors:         
		Scale type:            
xmelab: *W,SDFINF: Instance count_reg\[4\] not found at scope level <top-level> <./STI_DAC_syn.sdf, line 873>.
xmelab: *W,SDFINF: Instance U462 not found at scope level <top-level> <./STI_DAC_syn.sdf, line 221>.
xmelab: *W,SDFINF: Instance U461 not found at scope level <top-level> <./STI_DAC_syn.sdf, line 21>.
xmelab: *W,SDFINF: Instance count_reg\[3\] not found at scope level <top-level> <./STI_DAC_syn.sdf, line 870>.
xmelab: *W,SDFINF: Instance U458 not found at scope level <top-level> <./STI_DAC_syn.sdf, line 28>.
xmelab: *W,SDFINF: Instance U460 not found at scope level <top-level> <./STI_DAC_syn.sdf, line 213>.
xmelab: *W,SDFINF: Instance U456 not found at scope level <top-level> <./STI_DAC_syn.sdf, line 33>.
xmelab: *W,SDFINF: Instance U459 not found at scope level <top-level> <./STI_DAC_syn.sdf, line 128>.
xmelab: *W,SDFINF: Instance count_reg\[2\] not found at scope level <top-level> <./STI_DAC_syn.sdf, line 861>.
xmelab: *W,SDFINF: Instance count_reg\[0\] not found at scope level <top-level> <./STI_DAC_syn.sdf, line 864>.
xmelab: *W,SDFINF: Instance U457 not found at scope level <top-level> <./STI_DAC_syn.sdf, line 104>.
xmelab: *W,SDFINF: Instance count_reg\[1\] not found at scope level <top-level> <./STI_DAC_syn.sdf, line 867>.
xmelab: *W,SDFINF: Instance oem_count_reg\[5\] not found at scope level <top-level> <./STI_DAC_syn.sdf, line 765>.
xmelab: *W,SDFINF: Instance U455 not found at scope level <top-level> <./STI_DAC_syn.sdf, line 39>.
xmelab: *W,SDFINF: Instance oem_count_reg\[7\] not found at scope level <top-level> <./STI_DAC_syn.sdf, line 753>.
xmelab: *W,SDFINF: Instance oem_count_reg\[6\] not found at scope level <top-level> <./STI_DAC_syn.sdf, line 768>.
xmelab: *W,SDFINF: Instance oem_count_reg\[3\] not found at scope level <top-level> <./STI_DAC_syn.sdf, line 771>.
xmelab: *W,SDFINF: Instance U454 not found at scope level <top-level> <./STI_DAC_syn.sdf, line 45>.
xmelab: *W,SDFINF: Instance oem_count_reg\[4\] not found at scope level <top-level> <./STI_DAC_syn.sdf, line 978>.
xmelab: *W,SDFINF: Instance U449 not found at scope level <top-level> <./STI_DAC_syn.sdf, line 56>.
xmelab: *W,SDFINF: Instance state_reg\[0\] not found at scope level <top-level> <./STI_DAC_syn.sdf, line 849>.
xmelab: *W,SDFINF: Instance U453 not found at scope level <top-level> <./STI_DAC_syn.sdf, line 44>.
xmelab: *W,SDFINF: Instance state_reg\[1\] not found at scope level <top-level> <./STI_DAC_syn.sdf, line 846>.
xmelab: *W,SDFINF: Instance U452 not found at scope level <top-level> <./STI_DAC_syn.sdf, line 851>.
xmelab: *W,SDFINF: Instance U233 not found at scope level <top-level> <./STI_DAC_syn.sdf, line 747>.
xmelab: *W,SDFINF: Instance U451 not found at scope level <top-level> <./STI_DAC_syn.sdf, line 50>.
xmelab: *W,SDFINF: Instance state_reg\[2\] not found at scope level <top-level> <./STI_DAC_syn.sdf, line 858>.
xmelab: *W,SDFINF: Instance U450 not found at scope level <top-level> <./STI_DAC_syn.sdf, line 854>.
xmelab: *W,SDFINF: Instance oem_count_reg\[2\] not found at scope level <top-level> <./STI_DAC_syn.sdf, line 762>.
xmelab: *W,SDFINF: Instance oem_count_reg\[1\] not found at scope level <top-level> <./STI_DAC_syn.sdf, line 759>.
xmelab: *W,SDFINF: Instance oem_count_reg\[0\] not found at scope level <top-level> <./STI_DAC_syn.sdf, line 756>.
xmelab: *W,SDFINF: Instance U445 not found at scope level <top-level> <./STI_DAC_syn.sdf, line 69>.
xmelab: *W,SDFINF: Instance U448 not found at scope level <top-level> <./STI_DAC_syn.sdf, line 65>.
xmelab: *W,SDFINF: Instance U425 not found at scope level <top-level> <./STI_DAC_syn.sdf, line 136>.
xmelab: *W,SDFINF: Instance U287 not found at scope level <top-level> <./STI_DAC_syn.sdf, line 667>.
xmelab: *W,SDFINF: Instance U447 not found at scope level <top-level> <./STI_DAC_syn.sdf, line 66>.
xmelab: *W,SDFINF: Instance U400 not found at scope level <top-level> <./STI_DAC_syn.sdf, line 211>.
xmelab: *W,SDFINF: Instance U446 not found at scope level <top-level> <./STI_DAC_syn.sdf, line 853>.
xmelab: *W,SDFINF: Instance U409 not found at scope level <top-level> <./STI_DAC_syn.sdf, line 185>.
xmelab: *W,SDFINF: Instance U444 not found at scope level <top-level> <./STI_DAC_syn.sdf, line 784>.
xmelab: *W,SDFINF: Instance oem_addr_reg\[1\] not found at scope level <top-level> <./STI_DAC_syn.sdf, line 786>.
xmelab: *W,SDFINF: Instance U443 not found at scope level <top-level> <./STI_DAC_syn.sdf, line 793>.
xmelab: *W,SDFINF: Instance oem_addr_reg\[4\] not found at scope level <top-level> <./STI_DAC_syn.sdf, line 795>.
xmelab: *W,SDFINF: Instance U442 not found at scope level <top-level> <./STI_DAC_syn.sdf, line 802>.
xmelab: *W,SDFINF: Instance oem_addr_reg\[0\] not found at scope level <top-level> <./STI_DAC_syn.sdf, line 804>.
xmelab: *W,SDFINF: Instance U284 not found at scope level <top-level> <./STI_DAC_syn.sdf, line 672>.
xmelab: *W,SDFINF: Instance U441 not found at scope level <top-level> <./STI_DAC_syn.sdf, line 757>.
xmelab: *W,SDFINF: Instance r399 not found at scope level <top-level> <./STI_DAC_syn.sdf, line 981>.
xmelab: *W,SDFINF: Instance U440 not found at scope level <top-level> <./STI_DAC_syn.sdf, line 754>.
xmelab: *W,SDFINF: Instance U439 not found at scope level <top-level> <./STI_DAC_syn.sdf, line 760>.
xmelab: *W,SDFINF: Instance U438 not found at scope level <top-level> <./STI_DAC_syn.sdf, line 763>.
xmelab: *W,SDFINF: Instance U437 not found at scope level <top-level> <./STI_DAC_syn.sdf, line 103>.
xmelab: *W,SDFINF: Instance U436 not found at scope level <top-level> <./STI_DAC_syn.sdf, line 862>.
xmelab: *W,SDFINF: Instance U267 not found at scope level <top-level> <./STI_DAC_syn.sdf, line 710>.
xmelab: *W,SDFINF: Instance U435 not found at scope level <top-level> <./STI_DAC_syn.sdf, line 109>.
xmelab: *W,SDFINF: Instance U434 not found at scope level <top-level> <./STI_DAC_syn.sdf, line 865>.
xmelab: *W,SDFINF: Instance U433 not found at scope level <top-level> <./STI_DAC_syn.sdf, line 787>.
xmelab: *W,SDFINF: Instance oem_addr_reg\[2\] not found at scope level <top-level> <./STI_DAC_syn.sdf, line 789>.
xmelab: *W,SDFINF: Instance U432 not found at scope level <top-level> <./STI_DAC_syn.sdf, line 790>.
xmelab: *W,SDFINF: Instance oem_addr_reg\[3\] not found at scope level <top-level> <./STI_DAC_syn.sdf, line 792>.
xmelab: *W,SDFINF: Instance U431 not found at scope level <top-level> <./STI_DAC_syn.sdf, line 751>.
xmelab: *W,SDFINF: Instance U430 not found at scope level <top-level> <./STI_DAC_syn.sdf, line 670>.
xmelab: *W,SDFINF: Instance U429 not found at scope level <top-level> <./STI_DAC_syn.sdf, line 127>.
xmelab: *W,SDFINF: Instance U428 not found at scope level <top-level> <./STI_DAC_syn.sdf, line 693>.
xmelab: *W,SDFINF: Instance U427 not found at scope level <top-level> <./STI_DAC_syn.sdf, line 133>.
xmelab: *W,SDFINF: Instance U426 not found at scope level <top-level> <./STI_DAC_syn.sdf, line 859>.
xmelab: *W,SDFINF: Instance U265 not found at scope level <top-level> <./STI_DAC_syn.sdf, line 712>.
xmelab: *W,SDFINF: Instance U424 not found at scope level <top-level> <./STI_DAC_syn.sdf, line 799>.
xmelab: *W,SDFINF: Instance odd1_wr_reg not found at scope level <top-level> <./STI_DAC_syn.sdf, line 801>.
xmelab: *W,SDFINF: Instance U293 not found at scope level <top-level> <./STI_DAC_syn.sdf, line 650>.
xmelab: *W,SDFINF: Instance U285 not found at scope level <top-level> <./STI_DAC_syn.sdf, line 671>.
xmelab: *W,SDFINF: Instance even1_wr_reg not found at scope level <top-level> <./STI_DAC_syn.sdf, line 798>.
xmelab: *W,SDFINF: Instance U423 not found at scope level <top-level> <./STI_DAC_syn.sdf, line 796>.
xmelab: *W,SDFINF: Instance U286 not found at scope level <top-level> <./STI_DAC_syn.sdf, line 669>.
xmelab: *W,SDFINF: Instance U422 not found at scope level <top-level> <./STI_DAC_syn.sdf, line 152>.
xmelab: *W,SDFINF: Instance U261 not found at scope level <top-level> <./STI_DAC_syn.sdf, line 717>.
xmelab: *W,SDFINF: Instance U421 not found at scope level <top-level> <./STI_DAC_syn.sdf, line 150>.
xmelab: *W,SDFINF: Instance U420 not found at scope level <top-level> <./STI_DAC_syn.sdf, line 811>.
xmelab: *W,SDFINF: Instance odd4_wr_reg not found at scope level <top-level> <./STI_DAC_syn.sdf, line 813>.
xmelab: *W,SDFINF: Instance U419 not found at scope level <top-level> <./STI_DAC_syn.sdf, line 161>.
xmelab: *W,SDFINF: Instance U418 not found at scope level <top-level> <./STI_DAC_syn.sdf, line 159>.
xmelab: *W,SDFINF: Instance U417 not found at scope level <top-level> <./STI_DAC_syn.sdf, line 814>.
xmelab: *W,SDFINF: Instance odd3_wr_reg not found at scope level <top-level> <./STI_DAC_syn.sdf, line 816>.
xmelab: *W,SDFINF: Instance U416 not found at scope level <top-level> <./STI_DAC_syn.sdf, line 170>.
xmelab: *W,SDFINF: Instance U415 not found at scope level <top-level> <./STI_DAC_syn.sdf, line 168>.
xmelab: *W,SDFINF: Instance U414 not found at scope level <top-level> <./STI_DAC_syn.sdf, line 820>.
xmelab: *W,SDFINF: Instance odd2_wr_reg not found at scope level <top-level> <./STI_DAC_syn.sdf, line 822>.
xmelab: *W,SDFINF: Instance U413 not found at scope level <top-level> <./STI_DAC_syn.sdf, line 180>.
xmelab: *W,SDFINF: Instance U412 not found at scope level <top-level> <./STI_DAC_syn.sdf, line 177>.
xmelab: *W,SDFINF: Instance U411 not found at scope level <top-level> <./STI_DAC_syn.sdf, line 805>.
xmelab: *W,SDFINF: Instance even4_wr_reg not found at scope level <top-level> <./STI_DAC_syn.sdf, line 807>.
xmelab: *W,SDFINF: Instance U410 not found at scope level <top-level> <./STI_DAC_syn.sdf, line 185>.
xmelab: *W,SDFINF: Instance U408 not found at scope level <top-level> <./STI_DAC_syn.sdf, line 194>.
xmelab: *W,SDFINF: Instance U407 not found at scope level <top-level> <./STI_DAC_syn.sdf, line 191>.
xmelab: *W,SDFINF: Instance U406 not found at scope level <top-level> <./STI_DAC_syn.sdf, line 808>.
xmelab: *W,SDFINF: Instance even3_wr_reg not found at scope level <top-level> <./STI_DAC_syn.sdf, line 810>.
xmelab: *W,SDFINF: Instance U405 not found at scope level <top-level> <./STI_DAC_syn.sdf, line 203>.
xmelab: *W,SDFINF: Instance U404 not found at scope level <top-level> <./STI_DAC_syn.sdf, line 200>.
xmelab: *W,SDFINF: Instance U403 not found at scope level <top-level> <./STI_DAC_syn.sdf, line 817>.
xmelab: *W,SDFINF: Instance even2_wr_reg not found at scope level <top-level> <./STI_DAC_syn.sdf, line 819>.
xmelab: *W,SDFINF: Instance U402 not found at scope level <top-level> <./STI_DAC_syn.sdf, line 781>.
xmelab: *W,SDFINF: Instance oem_dataout_reg\[6\] not found at scope level <top-level> <./STI_DAC_syn.sdf, line 843>.
xmelab: *W,SDFINF: Instance U290 not found at scope level <top-level> <./STI_DAC_syn.sdf, line 660>.
xmelab: *W,SDFINF: Instance oem_dataout_reg\[7\] not found at scope level <top-level> <./STI_DAC_syn.sdf, line 783>.
xmelab: *W,SDFINF: Instance U401 not found at scope level <top-level> <./STI_DAC_syn.sdf, line 211>.
xmelab: *W,SDFINF: Instance U399 not found at scope level <top-level> <./STI_DAC_syn.sdf, line 642>.
xmelab: *W,SDFINF: Instance U398 not found at scope level <top-level> <./STI_DAC_syn.sdf, line 220>.
xmelab: *W,SDFINF: Instance U266 not found at scope level <top-level> <./STI_DAC_syn.sdf, line 711>.
xmelab: *W,SDFINF: Instance U397 not found at scope level <top-level> <./STI_DAC_syn.sdf, line 868>.
xmelab: *W,SDFINF: Instance U349 not found at scope level <top-level> <./STI_DAC_syn.sdf, line 443>.
xmelab: *W,SDFINF: Instance U350 not found at scope level <top-level> <./STI_DAC_syn.sdf, line 441>.
xmelab: *W,SDFINF: Instance U396 not found at scope level <top-level> <./STI_DAC_syn.sdf, line 228>.
xmelab: *W,SDFINF: Instance U395 not found at scope level <top-level> <./STI_DAC_syn.sdf, line 871>.
xmelab: *W,SDFINF: Instance U326 not found at scope level <top-level> <./STI_DAC_syn.sdf, line 545>.
xmelab: *W,SDFINF: Instance U394 not found at scope level <top-level> <./STI_DAC_syn.sdf, line 778>.
xmelab: *W,SDFINF: Instance so_data_reg not found at scope level <top-level> <./STI_DAC_syn.sdf, line 780>.
xmelab: *W,SDFINF: Instance U393 not found at scope level <top-level> <./STI_DAC_syn.sdf, line 235>.
xmelab: *W,SDFINF: Instance U260 not found at scope level <top-level> <./STI_DAC_syn.sdf, line 718>.
xmelab: *W,SDFINF: Instance data_reg\[0\] not found at scope level <top-level> <./STI_DAC_syn.sdf, line 750>.
xmelab: *W,SDFINF: Instance data_reg\[31\] not found at scope level <top-level> <./STI_DAC_syn.sdf, line 966>.
xmelab: *W,SDFINF: Instance U390 not found at scope level <top-level> <./STI_DAC_syn.sdf, line 243>.
xmelab: *W,SDFINF: Instance U386 not found at scope level <top-level> <./STI_DAC_syn.sdf, line 252>.
xmelab: *W,SDFINF: Instance U392 not found at scope level <top-level> <./STI_DAC_syn.sdf, line 643>.
xmelab: *W,SDFINF: Instance U351 not found at scope level <top-level> <./STI_DAC_syn.sdf, line 438>.
xmelab: *W,SDFINF: Instance U391 not found at scope level <top-level> <./STI_DAC_syn.sdf, line 525>.
xmelab: *W,SDFINF: Instance U387 not found at scope level <top-level> <./STI_DAC_syn.sdf, line 249>.
xmelab: *W,SDFINF: Instance U389 not found at scope level <top-level> <./STI_DAC_syn.sdf, line 246>.
xmelab: *W,SDFINF: Instance U388 not found at scope level <top-level> <./STI_DAC_syn.sdf, line 714>.
xmelab: *W,SDFINF: Instance U268 not found at scope level <top-level> <./STI_DAC_syn.sdf, line 709>.
xmelab: *W,SDFINF: Instance U385 not found at scope level <top-level> <./STI_DAC_syn.sdf, line 263>.
xmelab: *W,SDFINF: Instance data_reg\[15\] not found at scope level <top-level> <./STI_DAC_syn.sdf, line 942>.
xmelab: *W,SDFINF: Instance U345 not found at scope level <top-level> <./STI_DAC_syn.sdf, line 453>.
xmelab: *W,SDFINF: Instance U263 not found at scope level <top-level> <./STI_DAC_syn.sdf, line 714>.
xmelab: *W,SDFINF: Instance data_reg\[17\] not found at scope level <top-level> <./STI_DAC_syn.sdf, line 936>.
xmelab: *W,SDFINF: Instance U384 not found at scope level <top-level> <./STI_DAC_syn.sdf, line 937>.
xmelab: *W,SDFINF: Instance U276 not found at scope level <top-level> <./STI_DAC_syn.sdf, line 701>.
xmelab: *W,SDFINF: Instance data_reg\[16\] not found at scope level <top-level> <./STI_DAC_syn.sdf, line 939>.
xmelab: *W,SDFINF: Instance U383 not found at scope level <top-level> <./STI_DAC_syn.sdf, line 274>.
xmelab: *W,SDFINF: Instance data_reg\[18\] not found at scope level <top-level> <./STI_DAC_syn.sdf, line 933>.
xmelab: *W,SDFINF: Instance U382 not found at scope level <top-level> <./STI_DAC_syn.sdf, line 934>.
xmelab: *W,SDFINF: Instance U269 not found at scope level <top-level> <./STI_DAC_syn.sdf, line 708>.
xmelab: *W,SDFINF: Instance U381 not found at scope level <top-level> <./STI_DAC_syn.sdf, line 285>.
xmelab: *W,SDFINF: Instance data_reg\[19\] not found at scope level <top-level> <./STI_DAC_syn.sdf, line 930>.
xmelab: *W,SDFINF: Instance U380 not found at scope level <top-level> <./STI_DAC_syn.sdf, line 931>.
xmelab: *W,SDFINF: Instance U264 not found at scope level <top-level> <./STI_DAC_syn.sdf, line 713>.
xmelab: *W,SDFINF: Instance U379 not found at scope level <top-level> <./STI_DAC_syn.sdf, line 296>.
xmelab: *W,SDFINF: Instance data_reg\[20\] not found at scope level <top-level> <./STI_DAC_syn.sdf, line 927>.
xmelab: *W,SDFINF: Instance U378 not found at scope level <top-level> <./STI_DAC_syn.sdf, line 928>.
xmelab: *W,SDFINF: Instance U377 not found at scope level <top-level> <./STI_DAC_syn.sdf, line 307>.
xmelab: *W,SDFINF: Instance data_reg\[21\] not found at scope level <top-level> <./STI_DAC_syn.sdf, line 924>.
xmelab: *W,SDFINF: Instance U376 not found at scope level <top-level> <./STI_DAC_syn.sdf, line 925>.
xmelab: *W,SDFINF: Instance U375 not found at scope level <top-level> <./STI_DAC_syn.sdf, line 318>.
xmelab: *W,SDFINF: Instance data_reg\[22\] not found at scope level <top-level> <./STI_DAC_syn.sdf, line 921>.
xmelab: *W,SDFINF: Instance U374 not found at scope level <top-level> <./STI_DAC_syn.sdf, line 922>.
xmelab: *W,SDFINF: Instance U373 not found at scope level <top-level> <./STI_DAC_syn.sdf, line 329>.
xmelab: *W,SDFINF: Instance data_reg\[23\] not found at scope level <top-level> <./STI_DAC_syn.sdf, line 918>.
xmelab: *W,SDFINF: Instance U372 not found at scope level <top-level> <./STI_DAC_syn.sdf, line 919>.
xmelab: *W,SDFINF: Instance U371 not found at scope level <top-level> <./STI_DAC_syn.sdf, line 340>.
xmelab: *W,SDFINF: Instance data_reg\[24\] not found at scope level <top-level> <./STI_DAC_syn.sdf, line 915>.
xmelab: *W,SDFINF: Instance U370 not found at scope level <top-level> <./STI_DAC_syn.sdf, line 916>.
xmelab: *W,SDFINF: Instance U369 not found at scope level <top-level> <./STI_DAC_syn.sdf, line 351>.
xmelab: *W,SDFINF: Instance data_reg\[7\] not found at scope level <top-level> <./STI_DAC_syn.sdf, line 879>.
xmelab: *W,SDFINF: Instance U327 not found at scope level <top-level> <./STI_DAC_syn.sdf, line 543>.
xmelab: *W,SDFINF: Instance data_reg\[9\] not found at scope level <top-level> <./STI_DAC_syn.sdf, line 960>.
xmelab: *W,SDFINF: Instance U368 not found at scope level <top-level> <./STI_DAC_syn.sdf, line 874>.
xmelab: *W,SDFINF: Instance data_reg\[8\] not found at scope level <top-level> <./STI_DAC_syn.sdf, line 876>.
xmelab: *W,SDFINF: Instance U367 not found at scope level <top-level> <./STI_DAC_syn.sdf, line 362>.
xmelab: *W,SDFINF: Instance data_reg\[10\] not found at scope level <top-level> <./STI_DAC_syn.sdf, line 957>.
xmelab: *W,SDFINF: Instance U366 not found at scope level <top-level> <./STI_DAC_syn.sdf, line 958>.
xmelab: *W,SDFINF: Instance U365 not found at scope level <top-level> <./STI_DAC_syn.sdf, line 373>.
xmelab: *W,SDFINF: Instance data_reg\[11\] not found at scope level <top-level> <./STI_DAC_syn.sdf, line 954>.
xmelab: *W,SDFINF: Instance U364 not found at scope level <top-level> <./STI_DAC_syn.sdf, line 955>.
xmelab: *W,SDFINF: Instance U363 not found at scope level <top-level> <./STI_DAC_syn.sdf, line 384>.
xmelab: *W,SDFINF: Instance data_reg\[12\] not found at scope level <top-level> <./STI_DAC_syn.sdf, line 951>.
xmelab: *W,SDFINF: Instance U362 not found at scope level <top-level> <./STI_DAC_syn.sdf, line 952>.
xmelab: *W,SDFINF: Instance U361 not found at scope level <top-level> <./STI_DAC_syn.sdf, line 395>.
xmelab: *W,SDFINF: Instance data_reg\[13\] not found at scope level <top-level> <./STI_DAC_syn.sdf, line 948>.
xmelab: *W,SDFINF: Instance U360 not found at scope level <top-level> <./STI_DAC_syn.sdf, line 949>.
xmelab: *W,SDFINF: Instance U359 not found at scope level <top-level> <./STI_DAC_syn.sdf, line 406>.
xmelab: *W,SDFINF: Instance data_reg\[14\] not found at scope level <top-level> <./STI_DAC_syn.sdf, line 945>.
xmelab: *W,SDFINF: Instance U358 not found at scope level <top-level> <./STI_DAC_syn.sdf, line 946>.
xmelab: *W,SDFINF: Instance U357 not found at scope level <top-level> <./STI_DAC_syn.sdf, line 417>.
xmelab: *W,SDFINF: Instance U356 not found at scope level <top-level> <./STI_DAC_syn.sdf, line 943>.
xmelab: *W,SDFINF: Instance U355 not found at scope level <top-level> <./STI_DAC_syn.sdf, line 428>.
xmelab: *W,SDFINF: Instance U354 not found at scope level <top-level> <./STI_DAC_syn.sdf, line 940>.
xmelab: *W,SDFINF: Instance U353 not found at scope level <top-level> <./STI_DAC_syn.sdf, line 437>.
xmelab: *W,SDFINF: Instance data_reg\[30\] not found at scope level <top-level> <./STI_DAC_syn.sdf, line 963>.
xmelab: *W,SDFINF: Instance U330 not found at scope level <top-level> <./STI_DAC_syn.sdf, line 534>.
xmelab: *W,SDFINF: Instance U352 not found at scope level <top-level> <./STI_DAC_syn.sdf, line 964>.
xmelab: *W,SDFINF: Instance U348 not found at scope level <top-level> <./STI_DAC_syn.sdf, line 451>.
xmelab: *W,SDFINF: Instance U347 not found at scope level <top-level> <./STI_DAC_syn.sdf, line 449>.
xmelab: *W,SDFINF: Instance U346 not found at scope level <top-level> <./STI_DAC_syn.sdf, line 453>.
xmelab: *W,SDFINF: Instance U344 not found at scope level <top-level> <./STI_DAC_syn.sdf, line 464>.
xmelab: *W,SDFINF: Instance U275 not found at scope level <top-level> <./STI_DAC_syn.sdf, line 702>.
xmelab: *W,SDFINF: Instance data_reg\[25\] not found at scope level <top-level> <./STI_DAC_syn.sdf, line 912>.
xmelab: *W,SDFINF: Instance U343 not found at scope level <top-level> <./STI_DAC_syn.sdf, line 913>.
xmelab: *W,SDFINF: Instance U342 not found at scope level <top-level> <./STI_DAC_syn.sdf, line 475>.
xmelab: *W,SDFINF: Instance data_reg\[26\] not found at scope level <top-level> <./STI_DAC_syn.sdf, line 909>.
xmelab: *W,SDFINF: Instance U341 not found at scope level <top-level> <./STI_DAC_syn.sdf, line 910>.
xmelab: *W,SDFINF: Instance U340 not found at scope level <top-level> <./STI_DAC_syn.sdf, line 486>.
xmelab: *W,SDFINF: Instance data_reg\[27\] not found at scope level <top-level> <./STI_DAC_syn.sdf, line 906>.
xmelab: *W,SDFINF: Instance U339 not found at scope level <top-level> <./STI_DAC_syn.sdf, line 907>.
xmelab: *W,SDFINF: Instance U338 not found at scope level <top-level> <./STI_DAC_syn.sdf, line 497>.
xmelab: *W,SDFINF: Instance data_reg\[28\] not found at scope level <top-level> <./STI_DAC_syn.sdf, line 903>.
xmelab: *W,SDFINF: Instance U337 not found at scope level <top-level> <./STI_DAC_syn.sdf, line 904>.
xmelab: *W,SDFINF: Instance U336 not found at scope level <top-level> <./STI_DAC_syn.sdf, line 508>.
xmelab: *W,SDFINF: Instance data_reg\[29\] not found at scope level <top-level> <./STI_DAC_syn.sdf, line 900>.
xmelab: *W,SDFINF: Instance U335 not found at scope level <top-level> <./STI_DAC_syn.sdf, line 901>.
xmelab: *W,SDFINF: Instance U334 not found at scope level <top-level> <./STI_DAC_syn.sdf, line 519>.
xmelab: *W,SDFINF: Instance U333 not found at scope level <top-level> <./STI_DAC_syn.sdf, line 898>.
xmelab: *W,SDFINF: Instance U332 not found at scope level <top-level> <./STI_DAC_syn.sdf, line 530>.
xmelab: *W,SDFINF: Instance U331 not found at scope level <top-level> <./STI_DAC_syn.sdf, line 961>.
xmelab: *W,SDFINF: Instance U329 not found at scope level <top-level> <./STI_DAC_syn.sdf, line 540>.
xmelab: *W,SDFINF: Instance U328 not found at scope level <top-level> <./STI_DAC_syn.sdf, line 543>.
xmelab: *W,SDFINF: Instance U325 not found at scope level <top-level> <./STI_DAC_syn.sdf, line 556>.
xmelab: *W,SDFINF: Instance U288 not found at scope level <top-level> <./STI_DAC_syn.sdf, line 666>.
xmelab: *W,SDFINF: Instance data_reg\[1\] not found at scope level <top-level> <./STI_DAC_syn.sdf, line 897>.
xmelab: *W,SDFINF: Instance U324 not found at scope level <top-level> <./STI_DAC_syn.sdf, line 555>.
xmelab: *W,SDFINF: Instance U323 not found at scope level <top-level> <./STI_DAC_syn.sdf, line 552>.
xmelab: *W,SDFINF: Instance U322 not found at scope level <top-level> <./STI_DAC_syn.sdf, line 748>.
xmelab: *W,SDFINF: Instance U197 not found at scope level <top-level> <./STI_DAC_syn.sdf, line 985>.
xmelab: *W,SDFINF: Instance U321 not found at scope level <top-level> <./STI_DAC_syn.sdf, line 569>.
xmelab: *W,SDFINF: Instance U270 not found at scope level <top-level> <./STI_DAC_syn.sdf, line 707>.
xmelab: *W,SDFINF: Instance data_reg\[2\] not found at scope level <top-level> <./STI_DAC_syn.sdf, line 894>.
xmelab: *W,SDFINF: Instance U320 not found at scope level <top-level> <./STI_DAC_syn.sdf, line 568>.
xmelab: *W,SDFINF: Instance U319 not found at scope level <top-level> <./STI_DAC_syn.sdf, line 565>.
xmelab: *W,SDFINF: Instance U318 not found at scope level <top-level> <./STI_DAC_syn.sdf, line 895>.
xmelab: *W,SDFINF: Instance U317 not found at scope level <top-level> <./STI_DAC_syn.sdf, line 582>.
xmelab: *W,SDFINF: Instance data_reg\[3\] not found at scope level <top-level> <./STI_DAC_syn.sdf, line 891>.
xmelab: *W,SDFINF: Instance U316 not found at scope level <top-level> <./STI_DAC_syn.sdf, line 581>.
xmelab: *W,SDFINF: Instance U315 not found at scope level <top-level> <./STI_DAC_syn.sdf, line 578>.
xmelab: *W,SDFINF: Instance U314 not found at scope level <top-level> <./STI_DAC_syn.sdf, line 892>.
xmelab: *W,SDFINF: Instance U313 not found at scope level <top-level> <./STI_DAC_syn.sdf, line 595>.
xmelab: *W,SDFINF: Instance data_reg\[4\] not found at scope level <top-level> <./STI_DAC_syn.sdf, line 888>.
xmelab: *W,SDFINF: Instance U312 not found at scope level <top-level> <./STI_DAC_syn.sdf, line 594>.
xmelab: *W,SDFINF: Instance U311 not found at scope level <top-level> <./STI_DAC_syn.sdf, line 591>.
xmelab: *W,SDFINF: Instance U310 not found at scope level <top-level> <./STI_DAC_syn.sdf, line 889>.
xmelab: *W,SDFINF: Instance U309 not found at scope level <top-level> <./STI_DAC_syn.sdf, line 608>.
xmelab: *W,SDFINF: Instance data_reg\[5\] not found at scope level <top-level> <./STI_DAC_syn.sdf, line 885>.
xmelab: *W,SDFINF: Instance U308 not found at scope level <top-level> <./STI_DAC_syn.sdf, line 607>.
xmelab: *W,SDFINF: Instance U307 not found at scope level <top-level> <./STI_DAC_syn.sdf, line 604>.
xmelab: *W,SDFINF: Instance U306 not found at scope level <top-level> <./STI_DAC_syn.sdf, line 886>.
xmelab: *W,SDFINF: Instance U305 not found at scope level <top-level> <./STI_DAC_syn.sdf, line 621>.
xmelab: *W,SDFINF: Instance data_reg\[6\] not found at scope level <top-level> <./STI_DAC_syn.sdf, line 882>.
xmelab: *W,SDFINF: Instance U304 not found at scope level <top-level> <./STI_DAC_syn.sdf, line 620>.
xmelab: *W,SDFINF: Instance U303 not found at scope level <top-level> <./STI_DAC_syn.sdf, line 617>.
xmelab: *W,SDFINF: Instance U302 not found at scope level <top-level> <./STI_DAC_syn.sdf, line 883>.
xmelab: *W,SDFINF: Instance U301 not found at scope level <top-level> <./STI_DAC_syn.sdf, line 634>.
xmelab: *W,SDFINF: Instance U300 not found at scope level <top-level> <./STI_DAC_syn.sdf, line 633>.
xmelab: *W,SDFINF: Instance U299 not found at scope level <top-level> <./STI_DAC_syn.sdf, line 630>.
xmelab: *W,SDFINF: Instance U298 not found at scope level <top-level> <./STI_DAC_syn.sdf, line 880>.
xmelab: *W,SDFINF: Instance U297 not found at scope level <top-level> <./STI_DAC_syn.sdf, line 646>.
xmelab: *W,SDFINF: Instance U296 not found at scope level <top-level> <./STI_DAC_syn.sdf, line 645>.
xmelab: *W,SDFINF: Instance U295 not found at scope level <top-level> <./STI_DAC_syn.sdf, line 877>.
xmelab: *W,SDFINF: Instance U259 not found at scope level <top-level> <./STI_DAC_syn.sdf, line 719>.
xmelab: *W,SDFINF: Instance U294 not found at scope level <top-level> <./STI_DAC_syn.sdf, line 855>.
xmelab: *W,SDFINF: Instance U292 not found at scope level <top-level> <./STI_DAC_syn.sdf, line 769>.
xmelab: *W,SDFINF: Instance U291 not found at scope level <top-level> <./STI_DAC_syn.sdf, line 772>.
xmelab: *W,SDFINF: Instance U289 not found at scope level <top-level> <./STI_DAC_syn.sdf, line 766>.
xmelab: *W,SDFINF: Instance U283 not found at scope level <top-level> <./STI_DAC_syn.sdf, line 826>.
xmelab: *W,SDFINF: Instance oem_dataout_reg\[0\] not found at scope level <top-level> <./STI_DAC_syn.sdf, line 825>.
xmelab: *W,SDFINF: Instance oem_dataout_reg\[1\] not found at scope level <top-level> <./STI_DAC_syn.sdf, line 828>.
xmelab: *W,SDFINF: Instance U282 not found at scope level <top-level> <./STI_DAC_syn.sdf, line 829>.
xmelab: *W,SDFINF: Instance oem_dataout_reg\[2\] not found at scope level <top-level> <./STI_DAC_syn.sdf, line 831>.
xmelab: *W,SDFINF: Instance U281 not found at scope level <top-level> <./STI_DAC_syn.sdf, line 832>.
xmelab: *W,SDFINF: Instance oem_dataout_reg\[3\] not found at scope level <top-level> <./STI_DAC_syn.sdf, line 834>.
xmelab: *W,SDFINF: Instance U280 not found at scope level <top-level> <./STI_DAC_syn.sdf, line 835>.
xmelab: *W,SDFINF: Instance oem_dataout_reg\[4\] not found at scope level <top-level> <./STI_DAC_syn.sdf, line 837>.
xmelab: *W,SDFINF: Instance U279 not found at scope level <top-level> <./STI_DAC_syn.sdf, line 838>.
xmelab: *W,SDFINF: Instance oem_dataout_reg\[5\] not found at scope level <top-level> <./STI_DAC_syn.sdf, line 840>.
xmelab: *W,SDFINF: Instance U278 not found at scope level <top-level> <./STI_DAC_syn.sdf, line 841>.
xmelab: *W,SDFINF: Instance U277 not found at scope level <top-level> <./STI_DAC_syn.sdf, line 823>.
xmelab: *W,SDFINF: Instance U235 not found at scope level <top-level> <./STI_DAC_syn.sdf, line 744>.
xmelab: *W,SDFINF: Instance U274 not found at scope level <top-level> <./STI_DAC_syn.sdf, line 960>.
xmelab: *W,SDFINF: Instance U273 not found at scope level <top-level> <./STI_DAC_syn.sdf, line 963>.
xmelab: *W,SDFINF: Instance U272 not found at scope level <top-level> <./STI_DAC_syn.sdf, line 966>.
xmelab: *W,SDFINF: Instance U271 not found at scope level <top-level> <./STI_DAC_syn.sdf, line 891>.
xmelab: *W,SDFINF: Instance U262 not found at scope level <top-level> <./STI_DAC_syn.sdf, line 715>.
xmelab: *W,SDFINF: Instance U258 not found at scope level <top-level> <./STI_DAC_syn.sdf, line 721>.
xmelab: *W,SDFINF: Instance U257 not found at scope level <top-level> <./STI_DAC_syn.sdf, line 722>.
xmelab: *W,SDFINF: Instance U256 not found at scope level <top-level> <./STI_DAC_syn.sdf, line 723>.
xmelab: *W,SDFINF: Instance U255 not found at scope level <top-level> <./STI_DAC_syn.sdf, line 724>.
xmelab: *W,SDFINF: Instance U254 not found at scope level <top-level> <./STI_DAC_syn.sdf, line 725>.
xmelab: *W,SDFINF: Instance U253 not found at scope level <top-level> <./STI_DAC_syn.sdf, line 726>.
xmelab: *W,SDFINF: Instance U252 not found at scope level <top-level> <./STI_DAC_syn.sdf, line 727>.
xmelab: *W,SDFINF: Instance U251 not found at scope level <top-level> <./STI_DAC_syn.sdf, line 728>.
xmelab: *W,SDFINF: Instance U250 not found at scope level <top-level> <./STI_DAC_syn.sdf, line 729>.
xmelab: *W,SDFINF: Instance U249 not found at scope level <top-level> <./STI_DAC_syn.sdf, line 730>.
xmelab: *W,SDFINF: Instance U248 not found at scope level <top-level> <./STI_DAC_syn.sdf, line 731>.
xmelab: *W,SDFINF: Instance U247 not found at scope level <top-level> <./STI_DAC_syn.sdf, line 732>.
xmelab: *W,SDFINF: Instance U246 not found at scope level <top-level> <./STI_DAC_syn.sdf, line 733>.
xmelab: *W,SDFINF: Instance U245 not found at scope level <top-level> <./STI_DAC_syn.sdf, line 734>.
xmelab: *W,SDFINF: Instance U244 not found at scope level <top-level> <./STI_DAC_syn.sdf, line 735>.
xmelab: *W,SDFINF: Instance U243 not found at scope level <top-level> <./STI_DAC_syn.sdf, line 736>.
xmelab: *W,SDFINF: Instance U242 not found at scope level <top-level> <./STI_DAC_syn.sdf, line 737>.
xmelab: *W,SDFINF: Instance U241 not found at scope level <top-level> <./STI_DAC_syn.sdf, line 738>.
xmelab: *W,SDFINF: Instance U240 not found at scope level <top-level> <./STI_DAC_syn.sdf, line 739>.
xmelab: *W,SDFINF: Instance U239 not found at scope level <top-level> <./STI_DAC_syn.sdf, line 740>.
xmelab: *W,SDFINF: Instance U238 not found at scope level <top-level> <./STI_DAC_syn.sdf, line 741>.
xmelab: *W,SDFINF: Instance U237 not found at scope level <top-level> <./STI_DAC_syn.sdf, line 742>.
xmelab: *W,SDFINF: Instance U236 not found at scope level <top-level> <./STI_DAC_syn.sdf, line 743>.
xmelab: *W,SDFINF: Instance so_valid_reg not found at scope level <top-level> <./STI_DAC_syn.sdf, line 777>.
xmelab: *W,SDFINF: Instance U234 not found at scope level <top-level> <./STI_DAC_syn.sdf, line 745>.
xmelab: *W,SDFINF: Instance nstate_reg\[1\] not found at scope level <top-level> <./STI_DAC_syn.sdf, line 853>.
xmelab: *W,SDFINF: Instance nstate_reg\[0\] not found at scope level <top-level> <./STI_DAC_syn.sdf, line 851>.
xmelab: *W,SDFINF: Instance nstate_reg\[2\] not found at scope level <top-level> <./STI_DAC_syn.sdf, line 856>.
xmelab: *W,SDFINF: Instance U462 not found at scope level <top-level> <./STI_DAC_syn.sdf, line 991>.
xmelab: *W,SDFINF: Instance U461 not found at scope level <top-level> <./STI_DAC_syn.sdf, line 1005>.
xmelab: *W,SDFINF: Instance U460 not found at scope level <top-level> <./STI_DAC_syn.sdf, line 1015>.
xmelab: *W,SDFINF: Instance U459 not found at scope level <top-level> <./STI_DAC_syn.sdf, line 1029>.
xmelab: *W,SDFINF: Instance U458 not found at scope level <top-level> <./STI_DAC_syn.sdf, line 1040>.
xmelab: *W,SDFINF: Instance U457 not found at scope level <top-level> <./STI_DAC_syn.sdf, line 1050>.
xmelab: *W,SDFINF: Instance U456 not found at scope level <top-level> <./STI_DAC_syn.sdf, line 1061>.
xmelab: *W,SDFINF: Instance U455 not found at scope level <top-level> <./STI_DAC_syn.sdf, line 1071>.
xmelab: *W,SDFINF: Instance U454 not found at scope level <top-level> <./STI_DAC_syn.sdf, line 1082>.
xmelab: *W,SDFINF: Instance U453 not found at scope level <top-level> <./STI_DAC_syn.sdf, line 1094>.
xmelab: *W,SDFINF: Instance U452 not found at scope level <top-level> <./STI_DAC_syn.sdf, line 1105>.
xmelab: *W,SDFINF: Instance U451 not found at scope level <top-level> <./STI_DAC_syn.sdf, line 1117>.
xmelab: *W,SDFINF: Instance U450 not found at scope level <top-level> <./STI_DAC_syn.sdf, line 1128>.
xmelab: *W,SDFINF: Instance U449 not found at scope level <top-level> <./STI_DAC_syn.sdf, line 1138>.
xmelab: *W,SDFINF: Instance U448 not found at scope level <top-level> <./STI_DAC_syn.sdf, line 1150>.
xmelab: *W,SDFINF: Instance U447 not found at scope level <top-level> <./STI_DAC_syn.sdf, line 1162>.
xmelab: *W,SDFINF: Instance U446 not found at scope level <top-level> <./STI_DAC_syn.sdf, line 1172>.
xmelab: *W,SDFINF: Instance U445 not found at scope level <top-level> <./STI_DAC_syn.sdf, line 1184>.
xmelab: *W,SDFINF: Instance U444 not found at scope level <top-level> <./STI_DAC_syn.sdf, line 1195>.
xmelab: *W,SDFINF: Instance U443 not found at scope level <top-level> <./STI_DAC_syn.sdf, line 1207>.
xmelab: *W,SDFINF: Instance U442 not found at scope level <top-level> <./STI_DAC_syn.sdf, line 1219>.
xmelab: *W,SDFINF: Instance U441 not found at scope level <top-level> <./STI_DAC_syn.sdf, line 1231>.
xmelab: *W,SDFINF: Instance U440 not found at scope level <top-level> <./STI_DAC_syn.sdf, line 1243>.
xmelab: *W,SDFINF: Instance U439 not found at scope level <top-level> <./STI_DAC_syn.sdf, line 1255>.
xmelab: *W,SDFINF: Instance U438 not found at scope level <top-level> <./STI_DAC_syn.sdf, line 1267>.
xmelab: *W,SDFINF: Instance U437 not found at scope level <top-level> <./STI_DAC_syn.sdf, line 1279>.
xmelab: *W,SDFINF: Instance U436 not found at scope level <top-level> <./STI_DAC_syn.sdf, line 1289>.
xmelab: *W,SDFINF: Instance U435 not found at scope level <top-level> <./STI_DAC_syn.sdf, line 1301>.
xmelab: *W,SDFINF: Instance U434 not found at scope level <top-level> <./STI_DAC_syn.sdf, line 1311>.
xmelab: *W,SDFINF: Instance U433 not found at scope level <top-level> <./STI_DAC_syn.sdf, line 1323>.
xmelab: *W,SDFINF: Instance U432 not found at scope level <top-level> <./STI_DAC_syn.sdf, line 1335>.
xmelab: *W,SDFINF: Instance U431 not found at scope level <top-level> <./STI_DAC_syn.sdf, line 1347>.
xmelab: *W,SDFINF: Instance U430 not found at scope level <top-level> <./STI_DAC_syn.sdf, line 1359>.
xmelab: *W,SDFINF: Instance U429 not found at scope level <top-level> <./STI_DAC_syn.sdf, line 1373>.
xmelab: *W,SDFINF: Instance U428 not found at scope level <top-level> <./STI_DAC_syn.sdf, line 1384>.
xmelab: *W,SDFINF: Instance U427 not found at scope level <top-level> <./STI_DAC_syn.sdf, line 1393>.
xmelab: *W,SDFINF: Instance U426 not found at scope level <top-level> <./STI_DAC_syn.sdf, line 1403>.
xmelab: *W,SDFINF: Instance U425 not found at scope level <top-level> <./STI_DAC_syn.sdf, line 1415>.
xmelab: *W,SDFINF: Instance U424 not found at scope level <top-level> <./STI_DAC_syn.sdf, line 1426>.
xmelab: *W,SDFINF: Instance U423 not found at scope level <top-level> <./STI_DAC_syn.sdf, line 1438>.
xmelab: *W,SDFINF: Instance U422 not found at scope level <top-level> <./STI_DAC_syn.sdf, line 1450>.
xmelab: *W,SDFINF: Instance U421 not found at scope level <top-level> <./STI_DAC_syn.sdf, line 1462>.
xmelab: *W,SDFINF: Instance U420 not found at scope level <top-level> <./STI_DAC_syn.sdf, line 1471>.
xmelab: *W,SDFINF: Instance U419 not found at scope level <top-level> <./STI_DAC_syn.sdf, line 1483>.
xmelab: *W,SDFINF: Instance U418 not found at scope level <top-level> <./STI_DAC_syn.sdf, line 1495>.
xmelab: *W,SDFINF: Instance U417 not found at scope level <top-level> <./STI_DAC_syn.sdf, line 1504>.
xmelab: *W,SDFINF: Instance U416 not found at scope level <top-level> <./STI_DAC_syn.sdf, line 1516>.
xmelab: *W,SDFINF: Instance U415 not found at scope level <top-level> <./STI_DAC_syn.sdf, line 1528>.
xmelab: *W,SDFINF: Instance U414 not found at scope level <top-level> <./STI_DAC_syn.sdf, line 1537>.
xmelab: *W,SDFINF: Instance U413 not found at scope level <top-level> <./STI_DAC_syn.sdf, line 1549>.
xmelab: *W,SDFINF: Instance U412 not found at scope level <top-level> <./STI_DAC_syn.sdf, line 1561>.
xmelab: *W,SDFINF: Instance U411 not found at scope level <top-level> <./STI_DAC_syn.sdf, line 1570>.
xmelab: *W,SDFINF: Instance U410 not found at scope level <top-level> <./STI_DAC_syn.sdf, line 1582>.
xmelab: *W,SDFINF: Instance U409 not found at scope level <top-level> <./STI_DAC_syn.sdf, line 1594>.
xmelab: *W,SDFINF: Instance U408 not found at scope level <top-level> <./STI_DAC_syn.sdf, line 1603>.
xmelab: *W,SDFINF: Instance U407 not found at scope level <top-level> <./STI_DAC_syn.sdf, line 1615>.
xmelab: *W,SDFINF: Instance U406 not found at scope level <top-level> <./STI_DAC_syn.sdf, line 1624>.
xmelab: *W,SDFINF: Instance U405 not found at scope level <top-level> <./STI_DAC_syn.sdf, line 1636>.
xmelab: *W,SDFINF: Instance U404 not found at scope level <top-level> <./STI_DAC_syn.sdf, line 1648>.
xmelab: *W,SDFINF: Instance U403 not found at scope level <top-level> <./STI_DAC_syn.sdf, line 1657>.
xmelab: *W,SDFINF: Instance U402 not found at scope level <top-level> <./STI_DAC_syn.sdf, line 1669>.
xmelab: *W,SDFINF: Instance U401 not found at scope level <top-level> <./STI_DAC_syn.sdf, line 1681>.
xmelab: *W,SDFINF: Instance U400 not found at scope level <top-level> <./STI_DAC_syn.sdf, line 1692>.
xmelab: *W,SDFINF: Instance U399 not found at scope level <top-level> <./STI_DAC_syn.sdf, line 1701>.
xmelab: *W,SDFINF: Instance U398 not found at scope level <top-level> <./STI_DAC_syn.sdf, line 1710>.
xmelab: *W,SDFINF: Instance U397 not found at scope level <top-level> <./STI_DAC_syn.sdf, line 1722>.
xmelab: *W,SDFINF: Instance U396 not found at scope level <top-level> <./STI_DAC_syn.sdf, line 1734>.
xmelab: *W,SDFINF: Instance U395 not found at scope level <top-level> <./STI_DAC_syn.sdf, line 1746>.
xmelab: *W,SDFINF: Instance U394 not found at scope level <top-level> <./STI_DAC_syn.sdf, line 1758>.
xmelab: *W,SDFINF: Instance U393 not found at scope level <top-level> <./STI_DAC_syn.sdf, line 1769>.
xmelab: *W,SDFINF: Instance U392 not found at scope level <top-level> <./STI_DAC_syn.sdf, line 1781>.
xmelab: *W,SDFINF: Instance U391 not found at scope level <top-level> <./STI_DAC_syn.sdf, line 1792>.
xmelab: *W,SDFINF: Instance U390 not found at scope level <top-level> <./STI_DAC_syn.sdf, line 1803>.
xmelab: *W,SDFINF: Instance U389 not found at scope level <top-level> <./STI_DAC_syn.sdf, line 1813>.
xmelab: *W,SDFINF: Instance U388 not found at scope level <top-level> <./STI_DAC_syn.sdf, line 1827>.
xmelab: *W,SDFINF: Instance U387 not found at scope level <top-level> <./STI_DAC_syn.sdf, line 1838>.
xmelab: *W,SDFINF: Instance U386 not found at scope level <top-level> <./STI_DAC_syn.sdf, line 1847>.
xmelab: *W,SDFINF: Instance U385 not found at scope level <top-level> <./STI_DAC_syn.sdf, line 1858>.
xmelab: *W,SDFINF: Instance U384 not found at scope level <top-level> <./STI_DAC_syn.sdf, line 1872>.
xmelab: *W,SDFINF: Instance U383 not found at scope level <top-level> <./STI_DAC_syn.sdf, line 1885>.
xmelab: *W,SDFINF: Instance U382 not found at scope level <top-level> <./STI_DAC_syn.sdf, line 1899>.
xmelab: *W,SDFINF: Instance U381 not found at scope level <top-level> <./STI_DAC_syn.sdf, line 1912>.
xmelab: *W,SDFINF: Instance U380 not found at scope level <top-level> <./STI_DAC_syn.sdf, line 1926>.
xmelab: *W,SDFINF: Instance U379 not found at scope level <top-level> <./STI_DAC_syn.sdf, line 1939>.
xmelab: *W,SDFINF: Instance U378 not found at scope level <top-level> <./STI_DAC_syn.sdf, line 1953>.
xmelab: *W,SDFINF: Instance U377 not found at scope level <top-level> <./STI_DAC_syn.sdf, line 1966>.
xmelab: *W,SDFINF: Instance U376 not found at scope level <top-level> <./STI_DAC_syn.sdf, line 1980>.
xmelab: *W,SDFINF: Instance U375 not found at scope level <top-level> <./STI_DAC_syn.sdf, line 1993>.
xmelab: *W,SDFINF: Instance U374 not found at scope level <top-level> <./STI_DAC_syn.sdf, line 2007>.
xmelab: *W,SDFINF: Instance U373 not found at scope level <top-level> <./STI_DAC_syn.sdf, line 2020>.
xmelab: *W,SDFINF: Instance U372 not found at scope level <top-level> <./STI_DAC_syn.sdf, line 2034>.
xmelab: *W,SDFINF: Instance U371 not found at scope level <top-level> <./STI_DAC_syn.sdf, line 2047>.
xmelab: *W,SDFINF: Instance U370 not found at scope level <top-level> <./STI_DAC_syn.sdf, line 2061>.
xmelab: *W,SDFINF: Instance U369 not found at scope level <top-level> <./STI_DAC_syn.sdf, line 2074>.
xmelab: *W,SDFINF: Instance U368 not found at scope level <top-level> <./STI_DAC_syn.sdf, line 2088>.
xmelab: *W,SDFINF: Instance U367 not found at scope level <top-level> <./STI_DAC_syn.sdf, line 2101>.
xmelab: *W,SDFINF: Instance U366 not found at scope level <top-level> <./STI_DAC_syn.sdf, line 2115>.
xmelab: *W,SDFINF: Instance U365 not found at scope level <top-level> <./STI_DAC_syn.sdf, line 2128>.
xmelab: *W,SDFINF: Instance U364 not found at scope level <top-level> <./STI_DAC_syn.sdf, line 2142>.
xmelab: *W,SDFINF: Instance U363 not found at scope level <top-level> <./STI_DAC_syn.sdf, line 2155>.
xmelab: *W,SDFINF: Instance U362 not found at scope level <top-level> <./STI_DAC_syn.sdf, line 2169>.
xmelab: *W,SDFINF: Instance U361 not found at scope level <top-level> <./STI_DAC_syn.sdf, line 2182>.
xmelab: *W,SDFINF: Instance U360 not found at scope level <top-level> <./STI_DAC_syn.sdf, line 2196>.
xmelab: *W,SDFINF: Instance U359 not found at scope level <top-level> <./STI_DAC_syn.sdf, line 2209>.
xmelab: *W,SDFINF: Instance U358 not found at scope level <top-level> <./STI_DAC_syn.sdf, line 2223>.
xmelab: *W,SDFINF: Instance U357 not found at scope level <top-level> <./STI_DAC_syn.sdf, line 2236>.
xmelab: *W,SDFINF: Instance U356 not found at scope level <top-level> <./STI_DAC_syn.sdf, line 2250>.
xmelab: *W,SDFINF: Instance U355 not found at scope level <top-level> <./STI_DAC_syn.sdf, line 2263>.
xmelab: *W,SDFINF: Instance U354 not found at scope level <top-level> <./STI_DAC_syn.sdf, line 2277>.
xmelab: *W,SDFINF: Instance U353 not found at scope level <top-level> <./STI_DAC_syn.sdf, line 2290>.
xmelab: *W,SDFINF: Instance U352 not found at scope level <top-level> <./STI_DAC_syn.sdf, line 2302>.
xmelab: *W,SDFINF: Instance U351 not found at scope level <top-level> <./STI_DAC_syn.sdf, line 2315>.
xmelab: *W,SDFINF: Instance U350 not found at scope level <top-level> <./STI_DAC_syn.sdf, line 2324>.
xmelab: *W,SDFINF: Instance U349 not found at scope level <top-level> <./STI_DAC_syn.sdf, line 2335>.
xmelab: *W,SDFINF: Instance U348 not found at scope level <top-level> <./STI_DAC_syn.sdf, line 2345>.
xmelab: *W,SDFINF: Instance U347 not found at scope level <top-level> <./STI_DAC_syn.sdf, line 2354>.
xmelab: *W,SDFINF: Instance U346 not found at scope level <top-level> <./STI_DAC_syn.sdf, line 2365>.
xmelab: *W,SDFINF: Instance U345 not found at scope level <top-level> <./STI_DAC_syn.sdf, line 2378>.
xmelab: *W,SDFINF: Instance U344 not found at scope level <top-level> <./STI_DAC_syn.sdf, line 2387>.
xmelab: *W,SDFINF: Instance U343 not found at scope level <top-level> <./STI_DAC_syn.sdf, line 2401>.
xmelab: *W,SDFINF: Instance U342 not found at scope level <top-level> <./STI_DAC_syn.sdf, line 2414>.
xmelab: *W,SDFINF: Instance U341 not found at scope level <top-level> <./STI_DAC_syn.sdf, line 2428>.
xmelab: *W,SDFINF: Instance U340 not found at scope level <top-level> <./STI_DAC_syn.sdf, line 2441>.
xmelab: *W,SDFINF: Instance U339 not found at scope level <top-level> <./STI_DAC_syn.sdf, line 2455>.
xmelab: *W,SDFINF: Instance U338 not found at scope level <top-level> <./STI_DAC_syn.sdf, line 2468>.
xmelab: *W,SDFINF: Instance U337 not found at scope level <top-level> <./STI_DAC_syn.sdf, line 2482>.
xmelab: *W,SDFINF: Instance U336 not found at scope level <top-level> <./STI_DAC_syn.sdf, line 2495>.
xmelab: *W,SDFINF: Instance U335 not found at scope level <top-level> <./STI_DAC_syn.sdf, line 2509>.
xmelab: *W,SDFINF: Instance U334 not found at scope level <top-level> <./STI_DAC_syn.sdf, line 2522>.
xmelab: *W,SDFINF: Instance U333 not found at scope level <top-level> <./STI_DAC_syn.sdf, line 2536>.
xmelab: *W,SDFINF: Instance U332 not found at scope level <top-level> <./STI_DAC_syn.sdf, line 2549>.
xmelab: *W,SDFINF: Instance U331 not found at scope level <top-level> <./STI_DAC_syn.sdf, line 2563>.
xmelab: *W,SDFINF: Instance U330 not found at scope level <top-level> <./STI_DAC_syn.sdf, line 2576>.
xmelab: *W,SDFINF: Instance U329 not found at scope level <top-level> <./STI_DAC_syn.sdf, line 2588>.
xmelab: *W,SDFINF: Instance U328 not found at scope level <top-level> <./STI_DAC_syn.sdf, line 2599>.
xmelab: *W,SDFINF: Instance U327 not found at scope level <top-level> <./STI_DAC_syn.sdf, line 2612>.
xmelab: *W,SDFINF: Instance U326 not found at scope level <top-level> <./STI_DAC_syn.sdf, line 2621>.
xmelab: *W,SDFINF: Instance U325 not found at scope level <top-level> <./STI_DAC_syn.sdf, line 2631>.
xmelab: *W,SDFINF: Instance U324 not found at scope level <top-level> <./STI_DAC_syn.sdf, line 2643>.
xmelab: *W,SDFINF: Instance U323 not found at scope level <top-level> <./STI_DAC_syn.sdf, line 2652>.
xmelab: *W,SDFINF: Instance U322 not found at scope level <top-level> <./STI_DAC_syn.sdf, line 2661>.
xmelab: *W,SDFINF: Instance U321 not found at scope level <top-level> <./STI_DAC_syn.sdf, line 2674>.
xmelab: *W,SDFINF: Instance U320 not found at scope level <top-level> <./STI_DAC_syn.sdf, line 2688>.
xmelab: *W,SDFINF: Instance U319 not found at scope level <top-level> <./STI_DAC_syn.sdf, line 2697>.
xmelab: *W,SDFINF: Instance U318 not found at scope level <top-level> <./STI_DAC_syn.sdf, line 2706>.
xmelab: *W,SDFINF: Instance U317 not found at scope level <top-level> <./STI_DAC_syn.sdf, line 2719>.
xmelab: *W,SDFINF: Instance U316 not found at scope level <top-level> <./STI_DAC_syn.sdf, line 2733>.
xmelab: *W,SDFINF: Instance U315 not found at scope level <top-level> <./STI_DAC_syn.sdf, line 2742>.
xmelab: *W,SDFINF: Instance U314 not found at scope level <top-level> <./STI_DAC_syn.sdf, line 2751>.
xmelab: *W,SDFINF: Instance U313 not found at scope level <top-level> <./STI_DAC_syn.sdf, line 2764>.
xmelab: *W,SDFINF: Instance U312 not found at scope level <top-level> <./STI_DAC_syn.sdf, line 2778>.
xmelab: *W,SDFINF: Instance U311 not found at scope level <top-level> <./STI_DAC_syn.sdf, line 2787>.
xmelab: *W,SDFINF: Instance U310 not found at scope level <top-level> <./STI_DAC_syn.sdf, line 2796>.
xmelab: *W,SDFINF: Instance U309 not found at scope level <top-level> <./STI_DAC_syn.sdf, line 2809>.
xmelab: *W,SDFINF: Instance U308 not found at scope level <top-level> <./STI_DAC_syn.sdf, line 2823>.
xmelab: *W,SDFINF: Instance U307 not found at scope level <top-level> <./STI_DAC_syn.sdf, line 2832>.
xmelab: *W,SDFINF: Instance U306 not found at scope level <top-level> <./STI_DAC_syn.sdf, line 2841>.
xmelab: *W,SDFINF: Instance U305 not found at scope level <top-level> <./STI_DAC_syn.sdf, line 2854>.
xmelab: *W,SDFINF: Instance U304 not found at scope level <top-level> <./STI_DAC_syn.sdf, line 2868>.
xmelab: *W,SDFINF: Instance U303 not found at scope level <top-level> <./STI_DAC_syn.sdf, line 2877>.
xmelab: *W,SDFINF: Instance U302 not found at scope level <top-level> <./STI_DAC_syn.sdf, line 2886>.
xmelab: *W,SDFINF: Instance U301 not found at scope level <top-level> <./STI_DAC_syn.sdf, line 2899>.
xmelab: *W,SDFINF: Instance U300 not found at scope level <top-level> <./STI_DAC_syn.sdf, line 2913>.
xmelab: *W,SDFINF: Instance U299 not found at scope level <top-level> <./STI_DAC_syn.sdf, line 2922>.
xmelab: *W,SDFINF: Instance U298 not found at scope level <top-level> <./STI_DAC_syn.sdf, line 2931>.
xmelab: *W,SDFINF: Instance U297 not found at scope level <top-level> <./STI_DAC_syn.sdf, line 2944>.
xmelab: *W,SDFINF: Instance U296 not found at scope level <top-level> <./STI_DAC_syn.sdf, line 2958>.
xmelab: *W,SDFINF: Instance U295 not found at scope level <top-level> <./STI_DAC_syn.sdf, line 2967>.
xmelab: *W,SDFINF: Instance U294 not found at scope level <top-level> <./STI_DAC_syn.sdf, line 2980>.
xmelab: *W,SDFINF: Instance U293 not found at scope level <top-level> <./STI_DAC_syn.sdf, line 2990>.
xmelab: *W,SDFINF: Instance U292 not found at scope level <top-level> <./STI_DAC_syn.sdf, line 3000>.
xmelab: *W,SDFINF: Instance U291 not found at scope level <top-level> <./STI_DAC_syn.sdf, line 3012>.
xmelab: *W,SDFINF: Instance U290 not found at scope level <top-level> <./STI_DAC_syn.sdf, line 3024>.
xmelab: *W,SDFINF: Instance U289 not found at scope level <top-level> <./STI_DAC_syn.sdf, line 3034>.
xmelab: *W,SDFINF: Instance U288 not found at scope level <top-level> <./STI_DAC_syn.sdf, line 3046>.
xmelab: *W,SDFINF: Instance U287 not found at scope level <top-level> <./STI_DAC_syn.sdf, line 3056>.
xmelab: *W,SDFINF: Instance U286 not found at scope level <top-level> <./STI_DAC_syn.sdf, line 3065>.
xmelab: *W,SDFINF: Instance U285 not found at scope level <top-level> <./STI_DAC_syn.sdf, line 3075>.
xmelab: *W,SDFINF: Instance U284 not found at scope level <top-level> <./STI_DAC_syn.sdf, line 3085>.
xmelab: *W,SDFINF: Instance U283 not found at scope level <top-level> <./STI_DAC_syn.sdf, line 3094>.
xmelab: *W,SDFINF: Instance U282 not found at scope level <top-level> <./STI_DAC_syn.sdf, line 3106>.
xmelab: *W,SDFINF: Instance U281 not found at scope level <top-level> <./STI_DAC_syn.sdf, line 3118>.
xmelab: *W,SDFINF: Instance U280 not found at scope level <top-level> <./STI_DAC_syn.sdf, line 3130>.
xmelab: *W,SDFINF: Instance U279 not found at scope level <top-level> <./STI_DAC_syn.sdf, line 3142>.
xmelab: *W,SDFINF: Instance U278 not found at scope level <top-level> <./STI_DAC_syn.sdf, line 3154>.
xmelab: *W,SDFINF: Instance U277 not found at scope level <top-level> <./STI_DAC_syn.sdf, line 3166>.
xmelab: *W,SDFINF: Instance U276 not found at scope level <top-level> <./STI_DAC_syn.sdf, line 3177>.
xmelab: *W,SDFINF: Instance U275 not found at scope level <top-level> <./STI_DAC_syn.sdf, line 3187>.
xmelab: *W,SDFINF: Instance U274 not found at scope level <top-level> <./STI_DAC_syn.sdf, line 3196>.
xmelab: *W,SDFINF: Instance U273 not found at scope level <top-level> <./STI_DAC_syn.sdf, line 3205>.
xmelab: *W,SDFINF: Instance U272 not found at scope level <top-level> <./STI_DAC_syn.sdf, line 3214>.
xmelab: *W,SDFINF: Instance U271 not found at scope level <top-level> <./STI_DAC_syn.sdf, line 3223>.
xmelab: *W,SDFINF: Instance U270 not found at scope level <top-level> <./STI_DAC_syn.sdf, line 3232>.
xmelab: *W,SDFINF: Instance U269 not found at scope level <top-level> <./STI_DAC_syn.sdf, line 3241>.
xmelab: *W,SDFINF: Instance U268 not found at scope level <top-level> <./STI_DAC_syn.sdf, line 3250>.
xmelab: *W,SDFINF: Instance U267 not found at scope level <top-level> <./STI_DAC_syn.sdf, line 3259>.
xmelab: *W,SDFINF: Instance U266 not found at scope level <top-level> <./STI_DAC_syn.sdf, line 3268>.
xmelab: *W,SDFINF: Instance U265 not found at scope level <top-level> <./STI_DAC_syn.sdf, line 3277>.
xmelab: *W,SDFINF: Instance U264 not found at scope level <top-level> <./STI_DAC_syn.sdf, line 3286>.
xmelab: *W,SDFINF: Instance U263 not found at scope level <top-level> <./STI_DAC_syn.sdf, line 3295>.
xmelab: *W,SDFINF: Instance U262 not found at scope level <top-level> <./STI_DAC_syn.sdf, line 3304>.
xmelab: *W,SDFINF: Instance U261 not found at scope level <top-level> <./STI_DAC_syn.sdf, line 3313>.
xmelab: *W,SDFINF: Instance U260 not found at scope level <top-level> <./STI_DAC_syn.sdf, line 3323>.
xmelab: *W,SDFINF: Instance U259 not found at scope level <top-level> <./STI_DAC_syn.sdf, line 3332>.
xmelab: *W,SDFINF: Instance U258 not found at scope level <top-level> <./STI_DAC_syn.sdf, line 3341>.
xmelab: *W,SDFINF: Instance U257 not found at scope level <top-level> <./STI_DAC_syn.sdf, line 3351>.
xmelab: *W,SDFINF: Instance U256 not found at scope level <top-level> <./STI_DAC_syn.sdf, line 3360>.
xmelab: *W,SDFINF: Instance U255 not found at scope level <top-level> <./STI_DAC_syn.sdf, line 3369>.
xmelab: *W,SDFINF: Instance U254 not found at scope level <top-level> <./STI_DAC_syn.sdf, line 3378>.
xmelab: *W,SDFINF: Instance U253 not found at scope level <top-level> <./STI_DAC_syn.sdf, line 3387>.
xmelab: *W,SDFINF: Instance U252 not found at scope level <top-level> <./STI_DAC_syn.sdf, line 3396>.
xmelab: *W,SDFINF: Instance U251 not found at scope level <top-level> <./STI_DAC_syn.sdf, line 3405>.
xmelab: *W,SDFINF: Instance U250 not found at scope level <top-level> <./STI_DAC_syn.sdf, line 3414>.
xmelab: *W,SDFINF: Instance U249 not found at scope level <top-level> <./STI_DAC_syn.sdf, line 3423>.
xmelab: *W,SDFINF: Instance U248 not found at scope level <top-level> <./STI_DAC_syn.sdf, line 3432>.
xmelab: *W,SDFINF: Instance U247 not found at scope level <top-level> <./STI_DAC_syn.sdf, line 3441>.
xmelab: *W,SDFINF: Instance U246 not found at scope level <top-level> <./STI_DAC_syn.sdf, line 3450>.
xmelab: *W,SDFINF: Instance U245 not found at scope level <top-level> <./STI_DAC_syn.sdf, line 3459>.
xmelab: *W,SDFINF: Instance U244 not found at scope level <top-level> <./STI_DAC_syn.sdf, line 3468>.
xmelab: *W,SDFINF: Instance U243 not found at scope level <top-level> <./STI_DAC_syn.sdf, line 3477>.
xmelab: *W,SDFINF: Instance U242 not found at scope level <top-level> <./STI_DAC_syn.sdf, line 3486>.
xmelab: *W,SDFINF: Instance U241 not found at scope level <top-level> <./STI_DAC_syn.sdf, line 3495>.
xmelab: *W,SDFINF: Instance U240 not found at scope level <top-level> <./STI_DAC_syn.sdf, line 3504>.
xmelab: *W,SDFINF: Instance U239 not found at scope level <top-level> <./STI_DAC_syn.sdf, line 3513>.
xmelab: *W,SDFINF: Instance U238 not found at scope level <top-level> <./STI_DAC_syn.sdf, line 3522>.
xmelab: *W,SDFINF: Instance U237 not found at scope level <top-level> <./STI_DAC_syn.sdf, line 3531>.
xmelab: *W,SDFINF: Instance U236 not found at scope level <top-level> <./STI_DAC_syn.sdf, line 3540>.
xmelab: *W,SDFINF: Instance U235 not found at scope level <top-level> <./STI_DAC_syn.sdf, line 3549>.
xmelab: *W,SDFINF: Instance U234 not found at scope level <top-level> <./STI_DAC_syn.sdf, line 3558>.
xmelab: *W,SDFINF: Instance U233 not found at scope level <top-level> <./STI_DAC_syn.sdf, line 3567>.
xmelab: *W,SDFINF: Instance data_reg\[0\] not found at scope level <top-level> <./STI_DAC_syn.sdf, line 3577>.
xmelab: *W,SDFINF: Instance oem_count_reg\[7\] not found at scope level <top-level> <./STI_DAC_syn.sdf, line 3598>.
xmelab: *W,SDFINF: Instance oem_count_reg\[0\] not found at scope level <top-level> <./STI_DAC_syn.sdf, line 3619>.
xmelab: *W,SDFINF: Instance oem_count_reg\[1\] not found at scope level <top-level> <./STI_DAC_syn.sdf, line 3640>.
xmelab: *W,SDFINF: Instance oem_count_reg\[2\] not found at scope level <top-level> <./STI_DAC_syn.sdf, line 3661>.
xmelab: *W,SDFINF: Instance oem_count_reg\[5\] not found at scope level <top-level> <./STI_DAC_syn.sdf, line 3682>.
xmelab: *W,SDFINF: Instance oem_count_reg\[6\] not found at scope level <top-level> <./STI_DAC_syn.sdf, line 3703>.
xmelab: *W,SDFINF: Instance oem_count_reg\[3\] not found at scope level <top-level> <./STI_DAC_syn.sdf, line 3724>.
xmelab: *W,SDFINF: Instance oem_count_reg\[4\] not found at scope level <top-level> <./STI_DAC_syn.sdf, line 3745>.
xmelab: *W,SDFINF: Instance so_valid_reg not found at scope level <top-level> <./STI_DAC_syn.sdf, line 3766>.
xmelab: *W,SDFINF: Instance so_data_reg not found at scope level <top-level> <./STI_DAC_syn.sdf, line 3787>.
xmelab: *W,SDFINF: Instance oem_dataout_reg\[7\] not found at scope level <top-level> <./STI_DAC_syn.sdf, line 3808>.
xmelab: *W,SDFINF: Instance oem_addr_reg\[1\] not found at scope level <top-level> <./STI_DAC_syn.sdf, line 3829>.
xmelab: *W,SDFINF: Instance oem_addr_reg\[2\] not found at scope level <top-level> <./STI_DAC_syn.sdf, line 3850>.
xmelab: *W,SDFINF: Instance oem_addr_reg\[3\] not found at scope level <top-level> <./STI_DAC_syn.sdf, line 3871>.
xmelab: *W,SDFINF: Instance oem_addr_reg\[4\] not found at scope level <top-level> <./STI_DAC_syn.sdf, line 3892>.
xmelab: *W,SDFINF: Instance even1_wr_reg not found at scope level <top-level> <./STI_DAC_syn.sdf, line 3913>.
xmelab: *W,SDFINF: Instance odd1_wr_reg not found at scope level <top-level> <./STI_DAC_syn.sdf, line 3934>.
xmelab: *W,SDFINF: Instance oem_addr_reg\[0\] not found at scope level <top-level> <./STI_DAC_syn.sdf, line 3955>.
xmelab: *W,SDFINF: Instance even4_wr_reg not found at scope level <top-level> <./STI_DAC_syn.sdf, line 3976>.
xmelab: *W,SDFINF: Instance even3_wr_reg not found at scope level <top-level> <./STI_DAC_syn.sdf, line 3997>.
xmelab: *W,SDFINF: Instance odd4_wr_reg not found at scope level <top-level> <./STI_DAC_syn.sdf, line 4018>.
xmelab: *W,SDFINF: Instance odd3_wr_reg not found at scope level <top-level> <./STI_DAC_syn.sdf, line 4039>.
xmelab: *W,SDFINF: Instance even2_wr_reg not found at scope level <top-level> <./STI_DAC_syn.sdf, line 4060>.
xmelab: *W,SDFINF: Instance odd2_wr_reg not found at scope level <top-level> <./STI_DAC_syn.sdf, line 4081>.
xmelab: *W,SDFINF: Instance oem_dataout_reg\[0\] not found at scope level <top-level> <./STI_DAC_syn.sdf, line 4102>.
xmelab: *W,SDFINF: Instance oem_dataout_reg\[1\] not found at scope level <top-level> <./STI_DAC_syn.sdf, line 4123>.
xmelab: *W,SDFINF: Instance oem_dataout_reg\[2\] not found at scope level <top-level> <./STI_DAC_syn.sdf, line 4144>.
xmelab: *W,SDFINF: Instance oem_dataout_reg\[3\] not found at scope level <top-level> <./STI_DAC_syn.sdf, line 4165>.
xmelab: *W,SDFINF: Instance oem_dataout_reg\[4\] not found at scope level <top-level> <./STI_DAC_syn.sdf, line 4186>.
xmelab: *W,SDFINF: Instance oem_dataout_reg\[5\] not found at scope level <top-level> <./STI_DAC_syn.sdf, line 4207>.
xmelab: *W,SDFINF: Instance oem_dataout_reg\[6\] not found at scope level <top-level> <./STI_DAC_syn.sdf, line 4228>.
xmelab: *W,SDFINF: Instance state_reg\[1\] not found at scope level <top-level> <./STI_DAC_syn.sdf, line 4249>.
xmelab: *W,SDFINF: Instance state_reg\[0\] not found at scope level <top-level> <./STI_DAC_syn.sdf, line 4270>.
xmelab: *W,SDFINF: Instance nstate_reg\[0\] not found at scope level <top-level> <./STI_DAC_syn.sdf, line 4291>.
xmelab: *W,SDFINF: Instance nstate_reg\[1\] not found at scope level <top-level> <./STI_DAC_syn.sdf, line 4308>.
xmelab: *W,SDFINF: Instance nstate_reg\[2\] not found at scope level <top-level> <./STI_DAC_syn.sdf, line 4325>.
xmelab: *W,SDFINF: Instance state_reg\[2\] not found at scope level <top-level> <./STI_DAC_syn.sdf, line 4342>.
xmelab: *W,SDFINF: Instance count_reg\[2\] not found at scope level <top-level> <./STI_DAC_syn.sdf, line 4363>.
xmelab: *W,SDFINF: Instance count_reg\[0\] not found at scope level <top-level> <./STI_DAC_syn.sdf, line 4384>.
xmelab: *W,SDFINF: Instance count_reg\[1\] not found at scope level <top-level> <./STI_DAC_syn.sdf, line 4405>.
xmelab: *W,SDFINF: Instance count_reg\[3\] not found at scope level <top-level> <./STI_DAC_syn.sdf, line 4426>.
xmelab: *W,SDFINF: Instance count_reg\[4\] not found at scope level <top-level> <./STI_DAC_syn.sdf, line 4447>.
xmelab: *W,SDFINF: Instance data_reg\[8\] not found at scope level <top-level> <./STI_DAC_syn.sdf, line 4468>.
xmelab: *W,SDFINF: Instance data_reg\[7\] not found at scope level <top-level> <./STI_DAC_syn.sdf, line 4489>.
xmelab: *W,SDFINF: Instance data_reg\[6\] not found at scope level <top-level> <./STI_DAC_syn.sdf, line 4510>.
xmelab: *W,SDFINF: Instance data_reg\[5\] not found at scope level <top-level> <./STI_DAC_syn.sdf, line 4531>.
xmelab: *W,SDFINF: Instance data_reg\[4\] not found at scope level <top-level> <./STI_DAC_syn.sdf, line 4552>.
xmelab: *W,SDFINF: Instance data_reg\[3\] not found at scope level <top-level> <./STI_DAC_syn.sdf, line 4573>.
xmelab: *W,SDFINF: Instance data_reg\[2\] not found at scope level <top-level> <./STI_DAC_syn.sdf, line 4594>.
xmelab: *W,SDFINF: Instance data_reg\[1\] not found at scope level <top-level> <./STI_DAC_syn.sdf, line 4615>.
xmelab: *W,SDFINF: Instance data_reg\[29\] not found at scope level <top-level> <./STI_DAC_syn.sdf, line 4636>.
xmelab: *W,SDFINF: Instance data_reg\[28\] not found at scope level <top-level> <./STI_DAC_syn.sdf, line 4657>.
xmelab: *W,SDFINF: Instance data_reg\[27\] not found at scope level <top-level> <./STI_DAC_syn.sdf, line 4678>.
xmelab: *W,SDFINF: Instance data_reg\[26\] not found at scope level <top-level> <./STI_DAC_syn.sdf, line 4699>.
xmelab: *W,SDFINF: Instance data_reg\[25\] not found at scope level <top-level> <./STI_DAC_syn.sdf, line 4720>.
xmelab: *W,SDFINF: Instance data_reg\[24\] not found at scope level <top-level> <./STI_DAC_syn.sdf, line 4741>.
xmelab: *W,SDFINF: Instance data_reg\[23\] not found at scope level <top-level> <./STI_DAC_syn.sdf, line 4762>.
xmelab: *W,SDFINF: Instance data_reg\[22\] not found at scope level <top-level> <./STI_DAC_syn.sdf, line 4783>.
xmelab: *W,SDFINF: Instance data_reg\[21\] not found at scope level <top-level> <./STI_DAC_syn.sdf, line 4804>.
xmelab: *W,SDFINF: Instance data_reg\[20\] not found at scope level <top-level> <./STI_DAC_syn.sdf, line 4825>.
xmelab: *W,SDFINF: Instance data_reg\[19\] not found at scope level <top-level> <./STI_DAC_syn.sdf, line 4846>.
xmelab: *W,SDFINF: Instance data_reg\[18\] not found at scope level <top-level> <./STI_DAC_syn.sdf, line 4867>.
xmelab: *W,SDFINF: Instance data_reg\[17\] not found at scope level <top-level> <./STI_DAC_syn.sdf, line 4888>.
xmelab: *W,SDFINF: Instance data_reg\[16\] not found at scope level <top-level> <./STI_DAC_syn.sdf, line 4909>.
xmelab: *W,SDFINF: Instance data_reg\[15\] not found at scope level <top-level> <./STI_DAC_syn.sdf, line 4930>.
xmelab: *W,SDFINF: Instance data_reg\[14\] not found at scope level <top-level> <./STI_DAC_syn.sdf, line 4951>.
xmelab: *W,SDFINF: Instance data_reg\[13\] not found at scope level <top-level> <./STI_DAC_syn.sdf, line 4972>.
xmelab: *W,SDFINF: Instance data_reg\[12\] not found at scope level <top-level> <./STI_DAC_syn.sdf, line 4993>.
xmelab: *W,SDFINF: Instance data_reg\[11\] not found at scope level <top-level> <./STI_DAC_syn.sdf, line 5014>.
xmelab: *W,SDFINF: Instance data_reg\[10\] not found at scope level <top-level> <./STI_DAC_syn.sdf, line 5035>.
xmelab: *W,SDFINF: Instance data_reg\[9\] not found at scope level <top-level> <./STI_DAC_syn.sdf, line 5056>.
xmelab: *W,SDFINF: Instance data_reg\[30\] not found at scope level <top-level> <./STI_DAC_syn.sdf, line 5077>.
xmelab: *W,SDFINF: Instance data_reg\[31\] not found at scope level <top-level> <./STI_DAC_syn.sdf, line 5098>.
xmelab: *W,SDFINF: Instance r399 not found at scope level <top-level> <./STI_DAC_syn.sdf, line 5222>.
xmelab: *W,SDFINF: Instance U197 not found at scope level <top-level> <./STI_DAC_syn.sdf, line 5238>.
	Annotation completed with 0 Errors and 612 Warnings
	Building instance overlay tables: .................... Done
	Generating native compiled code:
		worklib.STI_DAC:v <0x2dad9f1a>
			streams:  22, words: 12965
		worklib.testfixture2:v <0x6b1dba09>
			streams:  27, words: 52808
	Building instance specific data structures.
	Loading native compiled code:     .................... Done
	Design hierarchy summary:
		                  Instances  Unique
		Modules:                  2       2
		Registers:               71      71
		Scalar wires:            18       -
		Vectored wires:           4       -
		Always blocks:           20      20
		Initial blocks:          13      13
		Cont. assignments:        2       6
		Pseudo assignments:       3       3
		Simulation timescale:  10ps
	Writing initial simulation snapshot: worklib.testfixture2:v
Loading snapshot worklib.testfixture2:v .................... Done
*Verdi* Loading libsscore_xcelium171.so
xcelium> source /usr/cad/cadence/XCELIUM/XCELIUM_22.03.003/tools/xcelium/files/xmsimrc
xcelium> run
--------------------------- Simulation Pattern is ready !!---------------------------
FSDB Dumper for Xcelium, Release Verdi_P-2019.06, Linux x86_64/64bit, 05/26/2019
(C) 1996 - 2019 by Synopsys, Inc.
***********************************************************************
*  WARNING -                                                          *
*  The simulator version is newer than the FSDB Writer version which  *
*  may cause abnormal behavior, please contact Cadence support for    *
*  assistance.                                                        *
***********************************************************************
*Verdi* FSDB WARNING: The FSDB file already exists. Overwriting the FSDB file may crash the programs that are using this file.
*Verdi* : Create FSDB file 'STI_DAC.fsdb'
*Verdi* : Begin traversing the scopes, layer (0).
*Verdi* WARNING: [NoReadAccess][FilterOut]Name:testfixture2.stimulus_in(48)
*Verdi* WARNING: [NoReadAccess][FilterOut]Name:testfixture2.pattern_in(48)
*Verdi* WARNING: [NoReadAccess][FilterOut]Name:testfixture2.Exp_so(48)
*Verdi* WARNING: [NoReadAccess][FilterOut]Name:testfixture2.pi_end(48)
*Verdi* WARNING: [NoReadAccess][FilterOut]Name:testfixture2.load(48)
*Verdi* WARNING: [NoReadAccess][FilterOut]Name:testfixture2.reset(48)
*Verdi* WARNING: [NoReadAccess][FilterOut]Name:testfixture2.clk(48)
*Verdi* WARNING: [NoReadAccess][FilterOut]Name:testfixture2.pp(25)
*Verdi* WARNING: [NoReadAccess][FilterOut]Name:testfixture2.pixel_err(25)
*Verdi* WARNING: [NoReadAccess][FilterOut]Name:testfixture2.PIXEL_MEM(116)
*Verdi* WARNING: [NoReadAccess][FilterOut]Name:testfixture2.oo1(25)
*Verdi* WARNING: [NoReadAccess][FilterOut]Name:testfixture2.oo1_err(25)
*Verdi* WARNING: [NoReadAccess][FilterOut]Name:testfixture2.oo2(25)
*Verdi* WARNING: [NoReadAccess][FilterOut]Name:testfixture2.oo2_err(25)
*Verdi* WARNING: [NoReadAccess][FilterOut]Name:testfixture2.oo3(25)
*Verdi* WARNING: [NoReadAccess][FilterOut]Name:testfixture2.oo3_err(25)
*Verdi* WARNING: [NoReadAccess][FilterOut]Name:testfixture2.oo4(25)
*Verdi* WARNING: [NoReadAccess][FilterOut]Name:testfixture2.oo4_err(25)
*Verdi* WARNING: [NoReadAccess][FilterOut]Name:testfixture2.ODD1_MEM(116)
*Verdi* WARNING: [NoReadAccess][FilterOut]Name:testfixture2.ODD2_MEM(116)
*Verdi* WARNING: [NoReadAccess][FilterOut]Name:testfixture2.ODD3_MEM(116)
*Verdi* WARNING: [NoReadAccess][FilterOut]Name:testfixture2.ODD4_MEM(116)
*Verdi* WARNING: [NoReadAccess][FilterOut]Name:testfixture2.ee1(25)
*Verdi* WARNING: [NoReadAccess][FilterOut]Name:testfixture2.ee1_err(25)
*Verdi* WARNING: [NoReadAccess][FilterOut]Name:testfixture2.ee2(25)
*Verdi* WARNING: [NoReadAccess][FilterOut]Name:testfixture2.ee2_err(25)
*Verdi* WARNING: [NoReadAccess][FilterOut]Name:testfixture2.ee3(25)
*Verdi* WARNING: [NoReadAccess][FilterOut]Name:testfixture2.ee3_err(25)
*Verdi* WARNING: [NoReadAccess][FilterOut]Name:testfixture2.ee4(25)
*Verdi* WARNING: [NoReadAccess][FilterOut]Name:testfixture2.ee4_err(25)
*Verdi* WARNING: [NoReadAccess][FilterOut]Name:testfixture2.EVEN1_MEM(116)
*Verdi* WARNING: [NoReadAccess][FilterOut]Name:testfixture2.EVEN2_MEM(116)
*Verdi* WARNING: [NoReadAccess][FilterOut]Name:testfixture2.EVEN3_MEM(116)
*Verdi* WARNING: [NoReadAccess][FilterOut]Name:testfixture2.EVEN4_MEM(116)
*Verdi* WARNING: [NoReadAccess][FilterOut]Name:testfixture2.Pat_memory(116)
*Verdi* WARNING: [NoReadAccess][FilterOut]Name:testfixture2.Exp_memory(116)
*Verdi* WARNING: [NoReadAccess][FilterOut]Name:testfixture2.Real_memory(116)
*Verdi* WARNING: [NoReadAccess][FilterOut]Name:testfixture2.Sti_memory(116)
*Verdi* WARNING: [NoReadAccess][FilterOut]Name:testfixture2.Exp_pixel(116)
*Verdi* WARNING: [NoReadAccess][FilterOut]Name:testfixture2.Exp_odd01(116)
*Verdi* WARNING: [NoReadAccess][FilterOut]Name:testfixture2.Exp_odd02(116)
*Verdi* WARNING: [NoReadAccess][FilterOut]Name:testfixture2.Exp_odd03(116)
*Verdi* WARNING: [NoReadAccess][FilterOut]Name:testfixture2.Exp_odd04(116)
*Verdi* WARNING: [NoReadAccess][FilterOut]Name:testfixture2.Exp_even01(116)
*Verdi* WARNING: [NoReadAccess][FilterOut]Name:testfixture2.Exp_even02(116)
*Verdi* WARNING: [NoReadAccess][FilterOut]Name:testfixture2.Exp_even03(116)
*Verdi* WARNING: [NoReadAccess][FilterOut]Name:testfixture2.Exp_even04(116)
*Verdi* WARNING: [NoReadAccess][FilterOut]Name:testfixture2.k(25)
*Verdi* WARNING: [NoReadAccess][FilterOut]Name:testfixture2.i(25)
*Verdi* WARNING: [NoReadAccess][FilterOut]Name:testfixture2.err_cnt(25)
*Verdi* WARNING: [NoReadAccess][FilterOut]Name:testfixture2.c(25)
*Verdi* WARNING: [NoReadAccess][FilterOut]Name:testfixture2.so_pass(48)
*Verdi* WARNING: [NoReadAccess][FilterOut]Name:testfixture2.Real_so(48)
*Verdi* WARNING: [NoReadAccess][FilterOut]Name:testfixture2.so_exp(48)
*Verdi* WARNING: [NoReadAccess][FilterOut]Name:testfixture2.pi_length(36)
*Verdi* WARNING: [NoReadAccess][FilterOut]Name:testfixture2.fill_mode(36)
*Verdi* WARNING: [NoReadAccess][FilterOut]Name:testfixture2.msb_first(36)
*Verdi* WARNING: [NoReadAccess][FilterOut]Name:testfixture2.low_en(36)
*Verdi* WARNING: [NoReadAccess][FilterOut]Name:testfixture2.pi_data(36)
*Verdi* WARNING: [NoReadAccess][FilterOut]Name:testfixture2.so_data(36)
*Verdi* WARNING: [NoReadAccess][FilterOut]Name:testfixture2.so_valid(36)
*Verdi* WARNING: [NoReadAccess][FilterOut]Name:testfixture2.pixel_finish(36)
*Verdi* WARNING: [NoReadAccess][FilterOut]Name:testfixture2.pixel_wr(36)
*Verdi* WARNING: [NoReadAccess][FilterOut]Name:testfixture2.oem_finish(36)
*Verdi* WARNING: [NoReadAccess][FilterOut]Name:testfixture2.odd1_wr(36)
*Verdi* WARNING: [NoReadAccess][FilterOut]Name:testfixture2.odd2_wr(36)
*Verdi* WARNING: [NoReadAccess][FilterOut]Name:testfixture2.odd3_wr(36)
*Verdi* WARNING: [NoReadAccess][FilterOut]Name:testfixture2.odd4_wr(36)
*Verdi* WARNING: [NoReadAccess][FilterOut]Name:testfixture2.even1_wr(36)
*Verdi* WARNING: [NoReadAccess][FilterOut]Name:testfixture2.even2_wr(36)
*Verdi* WARNING: [NoReadAccess][FilterOut]Name:testfixture2.even3_wr(36)
*Verdi* WARNING: [NoReadAccess][FilterOut]Name:testfixture2.even4_wr(36)
*Verdi* WARNING: [NoReadAccess][FilterOut]Name:testfixture2.pixel_addr(36)
*Verdi* WARNING: [NoReadAccess][FilterOut]Name:testfixture2.pixel_dataout(36)
*Verdi* WARNING: [NoReadAccess][FilterOut]Name:testfixture2.oem_addr(36)
*Verdi* WARNING: [NoReadAccess][FilterOut]Name:testfixture2.oem_dataout(36)
*Verdi* WARNING: [NoReadAccess][FilterOut]Name:testfixture2.u_rtl.so_data(48)
*Verdi* WARNING: [NoReadAccess][FilterOut]Name:testfixture2.u_rtl.so_valid(48)
*Verdi* WARNING: [NoReadAccess][FilterOut]Name:testfixture2.u_rtl.odd1_wr(48)
*Verdi* WARNING: [NoReadAccess][FilterOut]Name:testfixture2.u_rtl.odd2_wr(48)
*Verdi* WARNING: [NoReadAccess][FilterOut]Name:testfixture2.u_rtl.odd3_wr(48)
*Verdi* WARNING: [NoReadAccess][FilterOut]Name:testfixture2.u_rtl.odd4_wr(48)
*Verdi* WARNING: [NoReadAccess][FilterOut]Name:testfixture2.u_rtl.even1_wr(48)
*Verdi* WARNING: [NoReadAccess][FilterOut]Name:testfixture2.u_rtl.even2_wr(48)
*Verdi* WARNING: [NoReadAccess][FilterOut]Name:testfixture2.u_rtl.even3_wr(48)
*Verdi* WARNING: [NoReadAccess][FilterOut]Name:testfixture2.u_rtl.even4_wr(48)
*Verdi* WARNING: [NoReadAccess][FilterOut]Name:testfixture2.u_rtl.oem_addr(48)
*Verdi* WARNING: [NoReadAccess][FilterOut]Name:testfixture2.u_rtl.oem_dataout(48)
*Verdi* WARNING: [NoReadAccess][FilterOut]Name:testfixture2.u_rtl.data(48)
*Verdi* WARNING: [NoReadAccess][FilterOut]Name:testfixture2.u_rtl.count(48)
*Verdi* WARNING: [NoReadAccess][FilterOut]Name:testfixture2.u_rtl.oem_count(48)
*Verdi* WARNING: [NoReadAccess][FilterOut]Name:testfixture2.u_rtl.state(48)
*Verdi* WARNING: [NoReadAccess][FilterOut]Name:testfixture2.u_rtl.nstate(48)
*Verdi* WARNING: [NoReadAccess][FilterOut]Name:testfixture2.u_rtl.clk(36)
*Verdi* WARNING: [NoReadAccess][FilterOut]Name:testfixture2.u_rtl.reset(36)
*Verdi* WARNING: [NoReadAccess][FilterOut]Name:testfixture2.u_rtl.load(36)
*Verdi* WARNING: [NoReadAccess][FilterOut]Name:testfixture2.u_rtl.pi_msb(36)
*Verdi* WARNING: [NoReadAccess][FilterOut]Name:testfixture2.u_rtl.pi_low(36)
*Verdi* WARNING: [NoReadAccess][FilterOut]Name:testfixture2.u_rtl.pi_end(36)
*Verdi* WARNING: [NoReadAccess][FilterOut]Name:testfixture2.u_rtl.pi_data(36)
*Verdi* WARNING: [NoReadAccess][FilterOut]Name:testfixture2.u_rtl.pi_length(36)
*Verdi* WARNING: [NoReadAccess][FilterOut]Name:testfixture2.u_rtl.pi_fill(36)
*Verdi* WARNING: [NoReadAccess][FilterOut]Name:testfixture2.u_rtl.oem_finish(36)
*Verdi* : End of traversing.
--------------------------- [ testfixture2.v ] Simulation START !!---------------------------
--------------------------- Simulation at parallel data input stage  !!---------------------------
--------------------------- Simulation at serial data output and result verify !! ---------------------------
--------------------------- so_data simulation FINISH !!---------------------------
============================================================================

 \(^o^)/  The simulation result of so_data is PASS!!!

============================================================================
--------------------------- OM-memory and EM-memory simulation FINISH !!---------------------------
============================================================================

 \(^o^)/  The simulation result of OM-memory and EM-memory is PASS!!!

============================================================================
Simulation complete via $finish(1) at time 12297500 PS + 0
./testfixture2.v:196      $finish;
xcelium> exit
TOOL:	xmverilog	22.03-s003: Exiting on Jan 18, 2023 at 10:58:42 CST  (total: 00:00:02)
